<?xml version="1.0" encoding="UTF-8" ?>
<testsuite tests="49" failures="2" name="br.com.contmatic.empresa.empresa.EmpresaTest" time="0.035" errors="0" skipped="0">
  <properties>
    <property name="java.runtime.name" value="OpenJDK Runtime Environment"/>
    <property name="java.vm.version" value="16.0.2+7-67"/>
    <property name="sun.boot.library.path" value="C:\Users\macha\Downloads\sts-4.12.0.RELEASE\plugins\org.eclipse.justj.openjdk.hotspot.jre.full.win32.x86_64_16.0.2.v20210721-1149\jre\bin"/>
    <property name="maven.multiModuleProjectDirectory" value="C:\Contmatic\workspaceProvaEmpresa"/>
    <property name="java.vm.vendor" value="Oracle Corporation"/>
    <property name="java.vendor.url" value="https://java.oracle.com/"/>
    <property name="guice.disable.misplaced.annotation.check" value="true"/>
    <property name="path.separator" value=";"/>
    <property name="java.vm.name" value="OpenJDK 64-Bit Server VM"/>
    <property name="sun.os.patch.level" value=""/>
    <property name="user.script" value=""/>
    <property name="user.country" value="BR"/>
    <property name="sun.java.launcher" value="SUN_STANDARD"/>
    <property name="java.vm.specification.name" value="Java Virtual Machine Specification"/>
    <property name="user.dir" value="C:\Contmatic\workspaceProvaEmpresa"/>
    <property name="java.vm.compressedOopsMode" value="32-bit"/>
    <property name="java.runtime.version" value="16.0.2+7-67"/>
    <property name="os.arch" value="amd64"/>
    <property name="java.io.tmpdir" value="C:\Users\macha\AppData\Local\Temp\"/>
    <property name="line.separator" value="
"/>
    <property name="java.vm.specification.vendor" value="Oracle Corporation"/>
    <property name="user.variant" value=""/>
    <property name="os.name" value="Windows 10"/>
    <property name="classworlds.conf" value="C:\Contmatic\workspaceSpring\.metadata\.plugins\org.eclipse.m2e.launching\launches\m2conf10870087342533776770.tmp"/>
    <property name="jansi.force" value="true"/>
    <property name="sun.jnu.encoding" value="Cp1252"/>
    <property name="java.library.path" value="C:\Users\macha\Downloads\sts-4.12.0.RELEASE\plugins\org.eclipse.justj.openjdk.hotspot.jre.full.win32.x86_64_16.0.2.v20210721-1149\jre\bin;C:\WINDOWS\Sun\Java\bin;C:\WINDOWS\system32;C:\WINDOWS;C:/Users/macha/Downloads/sts-4.12.0.RELEASE//plugins/org.eclipse.justj.openjdk.hotspot.jre.full.win32.x86_64_16.0.2.v20210721-1149/jre/bin/server;C:/Users/macha/Downloads/sts-4.12.0.RELEASE//plugins/org.eclipse.justj.openjdk.hotspot.jre.full.win32.x86_64_16.0.2.v20210721-1149/jre/bin;C:\Program Files\Zulu\zulu-8\bin\;C:\Python310\Scripts\;C:\Python310\;C:\Program Files\Common Files\Oracle\Java\javapath;C:\Program Files (x86)\Common Files\Oracle\Java\javapath;C:\Program Files (x86)\Intel\iCLS Client\;C:\Program Files\Intel\iCLS Client\;C:\WINDOWS\system32;C:\WINDOWS;C:\WINDOWS\System32\Wbem;C:\WINDOWS\System32\WindowsPowerShell\v1.0\;C:\Program Files (x86)\Intel\Intel(R) Management Engine Components\DAL;C:\Program Files\Intel\Intel(R) Management Engine Components\DAL;C:\Program Files (x86)\Intel\Intel(R) Management Engine Components\IPT;C:\Program Files\Intel\Intel(R) Management Engine Components\IPT;C:\WINDOWS\System32\OpenSSH\;C:\Program Files\Git\cmd;C:\Program Files\Java\jdk-16.0.2\bin;C:\gradle-7.2\bin;C:\ProgramData\chocolatey\bin;C:\apache-maven-3.8.3\bin;C:\Program Files (x86)\Yarn\bin\;C:\Program Files\nodejs\;C:\Program Files (x86)\zulu8.58.0.13-ca-fx-jdk8.0.312-win_i686\bin;C:\Users\macha\AppData\Local\Microsoft\WindowsApps;C:\Users\macha\AppData\Local\Programs\Microsoft VS Code\bin;C:\Users\macha\AppData\Local\GitHubDesktop\bin;C:\Users\macha\AppData\Local\Yarn\bin;C:\Users\macha\AppData\Roaming\npm;C:\Program Files (x86)\zulu8.58.0.13-ca-fx-jdk8.0.312-win_i686\bin;C:\apache-maven-3.8.3\bin;;C:\Users\macha\Downloads\sts-4.12.0.RELEASE;;."/>
    <property name="jansi.passthrough" value="true"/>
    <property name="jdk.debug" value="release"/>
    <property name="java.class.version" value="60.0"/>
    <property name="java.specification.name" value="Java Platform API Specification"/>
    <property name="sun.management.compiler" value="HotSpot 64-Bit Tiered Compilers"/>
    <property name="os.version" value="10.0"/>
    <property name="user.home" value="C:\Users\macha"/>
    <property name="user.timezone" value="America/Sao_Paulo"/>
    <property name="file.encoding" value="UTF-8"/>
    <property name="java.specification.version" value="16"/>
    <property name="user.name" value="macha"/>
    <property name="java.class.path" value="C:\Users\macha\Downloads\sts-4.12.0.RELEASE\plugins\org.eclipse.m2e.maven.runtime_1.18.0.20210618-2246\jars\plexus-classworlds-2.6.0.jar"/>
    <property name="java.vm.specification.version" value="16"/>
    <property name="sun.arch.data.model" value="64"/>
    <property name="sun.java.command" value="org.codehaus.plexus.classworlds.launcher.Launcher -B install -Dstyle.color=always"/>
    <property name="java.home" value="C:\Users\macha\Downloads\sts-4.12.0.RELEASE\plugins\org.eclipse.justj.openjdk.hotspot.jre.full.win32.x86_64_16.0.2.v20210721-1149\jre"/>
    <property name="user.language" value="pt"/>
    <property name="java.specification.vendor" value="Oracle Corporation"/>
    <property name="java.vm.info" value="mixed mode"/>
    <property name="java.version" value="16.0.2"/>
    <property name="java.vendor" value="Oracle Corporation"/>
    <property name="maven.home" value="C:\Contmatic\workspaceProvaEmpresa\EMBEDDED"/>
    <property name="style.color" value="always"/>
    <property name="file.separator" value="\"/>
    <property name="java.version.date" value="2021-07-20"/>
    <property name="java.vendor.url.bug" value="https://bugreport.java.com/bugreport/"/>
    <property name="sun.io.unicode.encoding" value="UnicodeLittle"/>
    <property name="sun.cpu.endian" value="little"/>
    <property name="sun.cpu.isalist" value="amd64"/>
  </properties>
  <testcase classname="br.com.contmatic.empresa.empresa.EmpresaTest" name="test_nao_deve_criar_empresa_com_cnpj_invalido" time="0.001"/>
  <testcase classname="br.com.contmatic.empresa.empresa.EmpresaTest" name="test_nao_deve_settar_empresa_com_cnpj_com_mais_de_11_caracteres" time="0"/>
  <testcase classname="br.com.contmatic.empresa.empresa.EmpresaTest" name="test_deve_retornar_enderecos" time="0.001"/>
  <testcase classname="br.com.contmatic.empresa.empresa.EmpresaTest" name="test_nao_deve_retornar_igualdade_ao_comparar_empresa_com__null" time="0"/>
  <testcase classname="br.com.contmatic.empresa.empresa.EmpresaTest" name="test_nao_deve_criar_empresa_com_cnpj_nulo" time="0"/>
  <testcase classname="br.com.contmatic.empresa.empresa.EmpresaTest" name="test_deve_retornar_a_lista_de_departamento_adicionada" time="0"/>
  <testcase classname="br.com.contmatic.empresa.empresa.EmpresaTest" name="test_nao_deve_criar_empresa_com_cnpj_com_menos_de_11_caracteres" time="0"/>
  <testcase classname="br.com.contmatic.empresa.empresa.EmpresaTest" name="test_nao_deve_criar_empresa_com_razao_social_possindo_menos_de_5_caracteres" time="0.004"/>
  <testcase classname="br.com.contmatic.empresa.empresa.EmpresaTest" name="test_nao_deve_settar_empresa_com_cnpj_nulo" time="0"/>
  <testcase classname="br.com.contmatic.empresa.empresa.EmpresaTest" name="test_deve_criar_empresa_com_cnpj_valido" time="0"/>
  <testcase classname="br.com.contmatic.empresa.empresa.EmpresaTest" name="test_deve_retornar_igualdade_ao_comparar_empresa_com_a_mesma_empresa" time="0"/>
  <testcase classname="br.com.contmatic.empresa.empresa.EmpresaTest" name="test_nao_deve_settar_empresa_com_razao_social_nula" time="0"/>
  <testcase classname="br.com.contmatic.empresa.empresa.EmpresaTest" name="test_nao_deve_criar_empresa_com_cnpj_possundo_caracteres_invalidos" time="0"/>
  <testcase classname="br.com.contmatic.empresa.empresa.EmpresaTest" name="test_nao_deve_retornar_igualdade_ao_comparar_objetos_de_classes_diferentes" time="0"/>
  <testcase classname="br.com.contmatic.empresa.empresa.EmpresaTest" name="test_nao_deve_criar_empresa_com_razao_social_contendo_numeros" time="0.007">
    <failure message="Expected exception: java.lang.IllegalStateException" type="java.lang.AssertionError">java.lang.AssertionError: Expected exception: java.lang.IllegalStateException
	at org.junit.internal.runners.statements.ExpectException.evaluate(ExpectException.java:32)
	at org.junit.internal.runners.statements.RunBefores.evaluate(RunBefores.java:26)
	at org.junit.runners.ParentRunner.runLeaf(ParentRunner.java:325)
	at org.junit.runners.BlockJUnit4ClassRunner.runChild(BlockJUnit4ClassRunner.java:78)
	at org.junit.runners.BlockJUnit4ClassRunner.runChild(BlockJUnit4ClassRunner.java:57)
	at org.junit.runners.ParentRunner$3.run(ParentRunner.java:290)
	at org.junit.runners.ParentRunner$1.schedule(ParentRunner.java:71)
	at org.junit.runners.ParentRunner.runChildren(ParentRunner.java:288)
	at org.junit.runners.ParentRunner.access$000(ParentRunner.java:58)
	at org.junit.runners.ParentRunner$2.evaluate(ParentRunner.java:268)
	at org.junit.runners.ParentRunner.run(ParentRunner.java:363)
	at org.apache.maven.surefire.junit4.JUnit4Provider.execute(JUnit4Provider.java:252)
	at org.apache.maven.surefire.junit4.JUnit4Provider.executeTestSet(JUnit4Provider.java:141)
	at org.apache.maven.surefire.junit4.JUnit4Provider.invoke(JUnit4Provider.java:112)
	at java.base/jdk.internal.reflect.NativeMethodAccessorImpl.invoke0(Native Method)
	at java.base/jdk.internal.reflect.NativeMethodAccessorImpl.invoke(NativeMethodAccessorImpl.java:78)
	at java.base/jdk.internal.reflect.DelegatingMethodAccessorImpl.invoke(DelegatingMethodAccessorImpl.java:43)
	at java.base/java.lang.reflect.Method.invoke(Method.java:567)
	at org.apache.maven.surefire.util.ReflectionUtils.invokeMethodWithArray(ReflectionUtils.java:189)
	at org.apache.maven.surefire.booter.ProviderFactory$ProviderProxy.invoke(ProviderFactory.java:165)
	at org.apache.maven.surefire.booter.ProviderFactory.invokeProvider(ProviderFactory.java:85)
	at org.apache.maven.surefire.booter.ForkedBooter.runSuitesInProcess(ForkedBooter.java:115)
	at org.apache.maven.surefire.booter.ForkedBooter.main(ForkedBooter.java:75)
</failure>
  </testcase>
  <testcase classname="br.com.contmatic.empresa.empresa.EmpresaTest" name="test_deve_retornar_contato" time="0.001"/>
  <testcase classname="br.com.contmatic.empresa.empresa.EmpresaTest" name="test_nao_deve_criar_empresa_com_cnpj_vazio" time="0.001"/>
  <testcase classname="br.com.contmatic.empresa.empresa.EmpresaTest" name="test_nao_deve_settar_empresa_com_cnpj_com_menos_de_11_caracteres" time="0"/>
  <testcase classname="br.com.contmatic.empresa.empresa.EmpresaTest" name="test_nao_deve_adicionar_lista_de_endereco_nula_a_empresa" time="0"/>
  <testcase classname="br.com.contmatic.empresa.empresa.EmpresaTest" name="test_deve_settar_nova_razao_social_valida" time="0.001"/>
  <testcase classname="br.com.contmatic.empresa.empresa.EmpresaTest" name="test_nao_deve_criar_empresa_com_cnpj_sequencial" time="0"/>
  <testcase classname="br.com.contmatic.empresa.empresa.EmpresaTest" name="test_nao_deve_criar_empresa_com_cnpj_com_mais_de_11_caracteres" time="0"/>
  <testcase classname="br.com.contmatic.empresa.empresa.EmpresaTest" name="test_nao_deve_adicionar_lista_de_enderecos_sem_endereco" time="0"/>
  <testcase classname="br.com.contmatic.empresa.empresa.EmpresaTest" name="test_deve_retornar_o_cnpj_valido" time="0.001"/>
  <testcase classname="br.com.contmatic.empresa.empresa.EmpresaTest" name="test_deve_retornar_que_tostring_deve_possuir_todos_os_atributos" time="0.001"/>
  <testcase classname="br.com.contmatic.empresa.empresa.EmpresaTest" name="test_nao_deve_settar_novo_cnpj_invalido_a_empresa_existente" time="0.014"/>
  <testcase classname="br.com.contmatic.empresa.empresa.EmpresaTest" name="test_nao_deve_settar_nova_razao_social_invalida" time="0"/>
  <testcase classname="br.com.contmatic.empresa.empresa.EmpresaTest" name="test_deve_retornar_hashcode_igual_com_empresas_iguais" time="0"/>
  <testcase classname="br.com.contmatic.empresa.empresa.EmpresaTest" name="test_deve_retornar_a_razao_social_valida" time="0"/>
  <testcase classname="br.com.contmatic.empresa.empresa.EmpresaTest" name="test_deve_adicionar_lista_de_enderecos_com_dois_enderecos_cadastrados" time="0"/>
  <testcase classname="br.com.contmatic.empresa.empresa.EmpresaTest" name="test_nao_deve_adicionar_lista_de_departamento_nula" time="0"/>
  <testcase classname="br.com.contmatic.empresa.empresa.EmpresaTest" name="test_deve_criar_empresa_com_razao_social_valido" time="0"/>
  <testcase classname="br.com.contmatic.empresa.empresa.EmpresaTest" name="test_nao_deve_criar_empresa_com_razao_social_nula" time="0"/>
  <testcase classname="br.com.contmatic.empresa.empresa.EmpresaTest" name="test_nao_deve_settar_empresa_com_cnpj_possundo_caracteres_invalidos" time="0"/>
  <testcase classname="br.com.contmatic.empresa.empresa.EmpresaTest" name="test_deve_adicionar_lista_de_enrecos_com_um_endereco_cadastrado" time="0"/>
  <testcase classname="br.com.contmatic.empresa.empresa.EmpresaTest" name="test_nao_deve_adicionar_contato_nulo_a_empresa" time="0"/>
  <testcase classname="br.com.contmatic.empresa.empresa.EmpresaTest" name="test_nao_deve_retornar_igualdade_ao_comparar_empresas_diferentes" time="0"/>
  <testcase classname="br.com.contmatic.empresa.empresa.EmpresaTest" name="test_deve_settar_novo_cnpj_valido_a_empresa_existente" time="0"/>
  <testcase classname="br.com.contmatic.empresa.empresa.EmpresaTest" name="test_nao_deve_settar_empresa_com_razao_social_possuindo_mais_de_60_caracteres" time="0"/>
  <testcase classname="br.com.contmatic.empresa.empresa.EmpresaTest" name="test_nao_deve_settar_empresa_com_cnpj_vazio" time="0"/>
  <testcase classname="br.com.contmatic.empresa.empresa.EmpresaTest" name="test_nao_deve_criar_empresa_com_razao_social_possuindo_mais_de_60_caracteres" time="0"/>
  <testcase classname="br.com.contmatic.empresa.empresa.EmpresaTest" name="test_nao_deve_criar_empresa_com_razao_social_vazia" time="0"/>
  <testcase classname="br.com.contmatic.empresa.empresa.EmpresaTest" name="test_nao_deve_settar_empresa_com_cnpj_invalido" time="0"/>
  <testcase classname="br.com.contmatic.empresa.empresa.EmpresaTest" name="test_nao_deve_settar_empresa_com_cnpj_sequencial" time="0"/>
  <testcase classname="br.com.contmatic.empresa.empresa.EmpresaTest" name="test_nao_deve_settar_empresa_com_razao_social_vazia" time="0.001"/>
  <testcase classname="br.com.contmatic.empresa.empresa.EmpresaTest" name="test_deve_adicionar_um_contato_a_empresa" time="0"/>
  <testcase classname="br.com.contmatic.empresa.empresa.EmpresaTest" name="test_nao_deve_settar_empresa_com_razao_social_possindo_menos_de_5_caracteres" time="0.002"/>
  <testcase classname="br.com.contmatic.empresa.empresa.EmpresaTest" name="test_nao_deve_settar_empresa_com_razao_social_contendo_numeros" time="0">
    <failure message="Expected exception: java.lang.IllegalStateException" type="java.lang.AssertionError">java.lang.AssertionError: Expected exception: java.lang.IllegalStateException
	at org.junit.internal.runners.statements.ExpectException.evaluate(ExpectException.java:32)
	at org.junit.internal.runners.statements.RunBefores.evaluate(RunBefores.java:26)
	at org.junit.runners.ParentRunner.runLeaf(ParentRunner.java:325)
	at org.junit.runners.BlockJUnit4ClassRunner.runChild(BlockJUnit4ClassRunner.java:78)
	at org.junit.runners.BlockJUnit4ClassRunner.runChild(BlockJUnit4ClassRunner.java:57)
	at org.junit.runners.ParentRunner$3.run(ParentRunner.java:290)
	at org.junit.runners.ParentRunner$1.schedule(ParentRunner.java:71)
	at org.junit.runners.ParentRunner.runChildren(ParentRunner.java:288)
	at org.junit.runners.ParentRunner.access$000(ParentRunner.java:58)
	at org.junit.runners.ParentRunner$2.evaluate(ParentRunner.java:268)
	at org.junit.runners.ParentRunner.run(ParentRunner.java:363)
	at org.apache.maven.surefire.junit4.JUnit4Provider.execute(JUnit4Provider.java:252)
	at org.apache.maven.surefire.junit4.JUnit4Provider.executeTestSet(JUnit4Provider.java:141)
	at org.apache.maven.surefire.junit4.JUnit4Provider.invoke(JUnit4Provider.java:112)
	at java.base/jdk.internal.reflect.NativeMethodAccessorImpl.invoke0(Native Method)
	at java.base/jdk.internal.reflect.NativeMethodAccessorImpl.invoke(NativeMethodAccessorImpl.java:78)
	at java.base/jdk.internal.reflect.DelegatingMethodAccessorImpl.invoke(DelegatingMethodAccessorImpl.java:43)
	at java.base/java.lang.reflect.Method.invoke(Method.java:567)
	at org.apache.maven.surefire.util.ReflectionUtils.invokeMethodWithArray(ReflectionUtils.java:189)
	at org.apache.maven.surefire.booter.ProviderFactory$ProviderProxy.invoke(ProviderFactory.java:165)
	at org.apache.maven.surefire.booter.ProviderFactory.invokeProvider(ProviderFactory.java:85)
	at org.apache.maven.surefire.booter.ForkedBooter.runSuitesInProcess(ForkedBooter.java:115)
	at org.apache.maven.surefire.booter.ForkedBooter.main(ForkedBooter.java:75)
</failure>
  </testcase>
  <testcase classname="br.com.contmatic.empresa.empresa.EmpresaTest" name="test_deve_adicionar_lista_de_departamento_valido_a_empresa" time="0"/>
</testsuite>