<?xml version="1.0" encoding="UTF-8" ?>
<testsuite tests="37" failures="0" name="br.com.contmatic.empresa.empresa.CidadeTest" time="0.025" errors="0" skipped="0">
  <properties>
    <property name="java.runtime.name" value="Java(TM) SE Runtime Environment"/>
    <property name="java.vm.version" value="16+36-2231"/>
    <property name="sun.boot.library.path" value="C:\Program Files\Java\jdk-16\bin"/>
    <property name="maven.multiModuleProjectDirectory" value="C:\Contmatic\workspaceSpring\empresa-prova-1.0\workspaceProvaEmpresa"/>
    <property name="java.vm.vendor" value="Oracle Corporation"/>
    <property name="java.vendor.url" value="https://java.oracle.com/"/>
    <property name="guice.disable.misplaced.annotation.check" value="true"/>
    <property name="path.separator" value=";"/>
    <property name="java.vm.name" value="Java HotSpot(TM) 64-Bit Server VM"/>
    <property name="sun.os.patch.level" value=""/>
    <property name="user.script" value=""/>
    <property name="user.country" value="BR"/>
    <property name="sun.java.launcher" value="SUN_STANDARD"/>
    <property name="java.vm.specification.name" value="Java Virtual Machine Specification"/>
    <property name="user.dir" value="C:\Contmatic\workspaceSpring\empresa-prova-1.0\workspaceProvaEmpresa"/>
    <property name="java.vm.compressedOopsMode" value="32-bit"/>
    <property name="java.runtime.version" value="16+36-2231"/>
    <property name="os.arch" value="amd64"/>
    <property name="java.io.tmpdir" value="C:\Users\macha\AppData\Local\Temp\"/>
    <property name="line.separator" value="
"/>
    <property name="java.vm.specification.vendor" value="Oracle Corporation"/>
    <property name="user.variant" value=""/>
    <property name="os.name" value="Windows 10"/>
    <property name="classworlds.conf" value="C:\Contmatic\workspaceProvaEmpresa\.metadata\.plugins\org.eclipse.m2e.launching\launches\m2conf11802164033870173944.tmp"/>
    <property name="jansi.force" value="true"/>
    <property name="sun.jnu.encoding" value="Cp1252"/>
    <property name="java.library.path" value="C:\Program Files\Java\jdk-16\bin;C:\WINDOWS\Sun\Java\bin;C:\WINDOWS\system32;C:\WINDOWS;C:/Users/macha/Downloads/sts-4.12.0.RELEASE//plugins/org.eclipse.justj.openjdk.hotspot.jre.full.win32.x86_64_16.0.2.v20210721-1149/jre/bin/server;C:/Users/macha/Downloads/sts-4.12.0.RELEASE//plugins/org.eclipse.justj.openjdk.hotspot.jre.full.win32.x86_64_16.0.2.v20210721-1149/jre/bin;C:\Program Files\Zulu\zulu-8\bin\;C:\Python310\Scripts\;C:\Python310\;C:\Program Files\Common Files\Oracle\Java\javapath;C:\Program Files (x86)\Common Files\Oracle\Java\javapath;C:\Program Files (x86)\Intel\iCLS Client\;C:\Program Files\Intel\iCLS Client\;C:\WINDOWS\system32;C:\WINDOWS;C:\WINDOWS\System32\Wbem;C:\WINDOWS\System32\WindowsPowerShell\v1.0\;C:\Program Files (x86)\Intel\Intel(R) Management Engine Components\DAL;C:\Program Files\Intel\Intel(R) Management Engine Components\DAL;C:\Program Files (x86)\Intel\Intel(R) Management Engine Components\IPT;C:\Program Files\Intel\Intel(R) Management Engine Components\IPT;C:\WINDOWS\System32\OpenSSH\;C:\Program Files\Git\cmd;C:\Program Files\Java\jdk-16.0.2\bin;C:\gradle-7.2\bin;C:\ProgramData\chocolatey\bin;C:\apache-maven-3.8.3\bin;C:\Program Files (x86)\Yarn\bin\;C:\Program Files\nodejs\;C:\Program Files\Java\jdk-16.0.2\bin;C:\Users\macha\AppData\Local\Microsoft\WindowsApps;C:\Users\macha\AppData\Local\Programs\Microsoft VS Code\bin;C:\Users\macha\AppData\Local\GitHubDesktop\bin;C:\Users\macha\AppData\Local\Yarn\bin;C:\Users\macha\AppData\Roaming\npm;C:\Program Files\Java\jdk-16.0.2\bin;C:\apache-maven-3.8.3\bin;;C:\Users\macha\Downloads\sts-4.12.0.RELEASE;;."/>
    <property name="jansi.passthrough" value="true"/>
    <property name="jdk.debug" value="release"/>
    <property name="java.class.version" value="60.0"/>
    <property name="java.specification.name" value="Java Platform API Specification"/>
    <property name="sun.management.compiler" value="HotSpot 64-Bit Tiered Compilers"/>
    <property name="os.version" value="10.0"/>
    <property name="user.home" value="C:\Users\macha"/>
    <property name="user.timezone" value="America/Sao_Paulo"/>
    <property name="file.encoding" value="Cp1252"/>
    <property name="java.specification.version" value="16"/>
    <property name="user.name" value="macha"/>
    <property name="java.class.path" value="C:\Users\macha\Downloads\sts-4.12.0.RELEASE\plugins\org.eclipse.m2e.maven.runtime_1.18.0.20210618-2246\jars\plexus-classworlds-2.6.0.jar"/>
    <property name="java.vm.specification.version" value="16"/>
    <property name="sun.arch.data.model" value="64"/>
    <property name="sun.java.command" value="org.codehaus.plexus.classworlds.launcher.Launcher -B install -Dstyle.color=always"/>
    <property name="java.home" value="C:\Program Files\Java\jdk-16"/>
    <property name="user.language" value="pt"/>
    <property name="java.specification.vendor" value="Oracle Corporation"/>
    <property name="java.vm.info" value="mixed mode, sharing"/>
    <property name="java.version" value="16"/>
    <property name="java.vendor" value="Oracle Corporation"/>
    <property name="maven.home" value="C:\Contmatic\workspaceSpring\empresa-prova-1.0\workspaceProvaEmpresa\EMBEDDED"/>
    <property name="style.color" value="always"/>
    <property name="file.separator" value="\"/>
    <property name="java.version.date" value="2021-03-16"/>
    <property name="java.vendor.url.bug" value="https://bugreport.java.com/bugreport/"/>
    <property name="sun.io.unicode.encoding" value="UnicodeLittle"/>
    <property name="sun.cpu.endian" value="little"/>
    <property name="sun.cpu.isalist" value="amd64"/>
  </properties>
  <testcase classname="br.com.contmatic.empresa.empresa.CidadeTest" name="test_nao_deve_retornar_igualdade_ao_comparar_cidade_com_valor_null" time="0.011"/>
  <testcase classname="br.com.contmatic.empresa.empresa.CidadeTest" name="test_nao_deve_criar_cidade_com_cod_ibge_contendo_mais_digitos_que_o_permitido" time="0"/>
  <testcase classname="br.com.contmatic.empresa.empresa.CidadeTest" name="test_nao_deve_settar_uf_com_quantidade_de_caracteres_a_mais" time="0"/>
  <testcase classname="br.com.contmatic.empresa.empresa.CidadeTest" name="test_nao_deve_criar_cidade_com_cod_ibge_contendo_letras" time="0"/>
  <testcase classname="br.com.contmatic.empresa.empresa.CidadeTest" name="test_nao_deve_criar_cidade_com_cod_ibge_null" time="0"/>
  <testcase classname="br.com.contmatic.empresa.empresa.CidadeTest" name="test_nao_deve_settar__nome_null" time="0"/>
  <testcase classname="br.com.contmatic.empresa.empresa.CidadeTest" name="test_nao_deve_settar_nome_contendo_menos_de_3_caracteres" time="0"/>
  <testcase classname="br.com.contmatic.empresa.empresa.CidadeTest" name="test_deve_retornar_igualdade_ao_comparar_a_cidade_com_a_mesma" time="0"/>
  <testcase classname="br.com.contmatic.empresa.empresa.CidadeTest" name="test_deve_retornar_igualdade_ao_comparar_o_hash_code_de_objetos_com_os_mesmos_atributos" time="0"/>
  <testcase classname="br.com.contmatic.empresa.empresa.CidadeTest" name="test_deve_retornar_igualdade_ao_comparar_objetos_com_os_mesmos_atributos_e_de_mesma_classe" time="0"/>
  <testcase classname="br.com.contmatic.empresa.empresa.CidadeTest" name="test_nao_deve_settar_cidade_com_cod_ibge_null" time="0.001"/>
  <testcase classname="br.com.contmatic.empresa.empresa.CidadeTest" name="test_deve_retornar_to_string_contendo_todos_os_atributos" time="0.001"/>
  <testcase classname="br.com.contmatic.empresa.empresa.CidadeTest" name="test_nao_deve_settar_uf_com_quantidade_de_caracteres_a_menos" time="0.001"/>
  <testcase classname="br.com.contmatic.empresa.empresa.CidadeTest" name="test_nao_deve_settar_uf_com_digitos" time="0"/>
  <testcase classname="br.com.contmatic.empresa.empresa.CidadeTest" name="test_nao_deve_settar_cidade_com_cod_ibge_contendo_menos_digitos_que_o_permitido" time="0"/>
  <testcase classname="br.com.contmatic.empresa.empresa.CidadeTest" name="test_deve_settar_valido_nome_a_cidade" time="0.001"/>
  <testcase classname="br.com.contmatic.empresa.empresa.CidadeTest" name="test_nao_deve_csettaruf_contendo_caracteres_especiais" time="0"/>
  <testcase classname="br.com.contmatic.empresa.empresa.CidadeTest" name="test_nao_deve_settar_cidade_com_cod_ibge_contendo_letras" time="0.001"/>
  <testcase classname="br.com.contmatic.empresa.empresa.CidadeTest" name="test_nao_deve_settar_cidade_com_cod_ibge_contendo_caracteres_especiais" time="0"/>
  <testcase classname="br.com.contmatic.empresa.empresa.CidadeTest" name="test_deve_settar_uf_valido" time="0"/>
  <testcase classname="br.com.contmatic.empresa.empresa.CidadeTest" name="test_nao_deve_settar_uf_vazio" time="0.001"/>
  <testcase classname="br.com.contmatic.empresa.empresa.CidadeTest" name="test_deve_settar_cidade_com_cod_ibge_valido" time="0.001"/>
  <testcase classname="br.com.contmatic.empresa.empresa.CidadeTest" name="test_nao_deve_criar_cidade_com_cod_ibge_contendo_menos_digitos_que_o_permitido" time="0.001"/>
  <testcase classname="br.com.contmatic.empresa.empresa.CidadeTest" name="test_nao_deve_settar__nome_vazio" time="0.001"/>
  <testcase classname="br.com.contmatic.empresa.empresa.CidadeTest" name="test_nao_deve_settar_uf_nulo" time="0.001"/>
  <testcase classname="br.com.contmatic.empresa.empresa.CidadeTest" name="test_nao_deve_retornar_igualdade_de_objetos_de_classes_diferentes" time="0.001"/>
  <testcase classname="br.com.contmatic.empresa.empresa.CidadeTest" name="test_nao_deve_criar_cidade_com_cod_ibge_contendo_caracteres_especiais" time="0.001"/>
  <testcase classname="br.com.contmatic.empresa.empresa.CidadeTest" name="test_nao_deve_criar_cidade_com_cod_ibge_contendo_espacos" time="0"/>
  <testcase classname="br.com.contmatic.empresa.empresa.CidadeTest" name="test_nao_deve_settar_nome_contendo_caracteres_especiais" time="0"/>
  <testcase classname="br.com.contmatic.empresa.empresa.CidadeTest" name="test_nao_deve_retornar_igualdade_ao_comparar_hash_code_de_objetos_com_atributos_diferentes" time="0"/>
  <testcase classname="br.com.contmatic.empresa.empresa.CidadeTest" name="test_nao_deve_settar__nome_invalido_contendo_digitos_a_cidade" time="0"/>
  <testcase classname="br.com.contmatic.empresa.empresa.CidadeTest" name="test_deve_retornar_uf" time="0.001"/>
  <testcase classname="br.com.contmatic.empresa.empresa.CidadeTest" name="test_nao_deve_settar_cidade_com_cod_ibge_vazio" time="0"/>
  <testcase classname="br.com.contmatic.empresa.empresa.CidadeTest" name="test_nao_deve_settar_cidade_com_cod_ibge_contendo_espacos" time="0.001"/>
  <testcase classname="br.com.contmatic.empresa.empresa.CidadeTest" name="test_nao_deve_settar_cidade_com_cod_ibge_contendo_mais_digitos_que_o_permitido" time="0"/>
  <testcase classname="br.com.contmatic.empresa.empresa.CidadeTest" name="test_nao_deve_criar_cidade_com_cod_ibge_vazio" time="0"/>
  <testcase classname="br.com.contmatic.empresa.empresa.CidadeTest" name="test_deve_criar_cidade_com_cod_ibge_valido" time="0"/>
</testsuite>